2020-06-27 08:27:57,149 INFO org.springframework.boot.SpringApplication [restartedMain] No active profile set, falling back to default profiles: default
2020-06-27 08:27:59,494 DEBUG org.springframework.web.filter.GenericFilterBean [restartedMain] Filter 'authenticationTokenFilterBean' configured for use
2020-06-27 08:28:00,097 INFO com.uns.ftn.viewservice.ViewServiceApplication [restartedMain] Loading keystore from: /C:/Users/Dusan/Documents/XWS/view-service/target/classes/view.keystore.p12
2020-06-27 08:28:00,105 INFO com.uns.ftn.viewservice.ViewServiceApplication [restartedMain] Loading truststore from: /C:/Users/Dusan/Documents/XWS/view-service/target/classes/view.truststore.p12
2020-06-27 08:28:20,021 INFO org.springframework.boot.SpringApplication [restartedMain] No active profile set, falling back to default profiles: default
2020-06-27 08:28:21,984 DEBUG org.springframework.web.filter.GenericFilterBean [restartedMain] Filter 'authenticationTokenFilterBean' configured for use
2020-06-27 08:28:22,579 INFO com.uns.ftn.viewservice.ViewServiceApplication [restartedMain] Loading keystore from: /C:/Users/Dusan/Documents/XWS/view-service/target/classes/view.keystore.p12
2020-06-27 08:28:22,587 INFO com.uns.ftn.viewservice.ViewServiceApplication [restartedMain] Loading truststore from: /C:/Users/Dusan/Documents/XWS/view-service/target/classes/view.truststore.p12
2020-06-27 08:28:27,203 INFO com.uns.ftn.viewservice.components.QueueConsumer [org.springframework.amqp.rabbit.RabbitListenerEndpointContainer#0-1] Rabbit mq message consumer received message: [123, 34, 105, 100, 34, 58, 49, 49, 44, 34, 110, 97, 109, 101, 34, 58, 34, 76, 97, 100, 97, 34, 44, 34, 100, 101, 108, 101, 116, 101, 100, 34, 58, 102, 97, 108, 115, 101, 125]
2020-06-27 08:28:27,207 INFO org.springframework.boot.StartupInfoLogger [restartedMain] Started ViewServiceApplication in 8.616 seconds (JVM running for 9.709)
2020-06-27 08:28:27,212 DEBUG com.uns.ftn.viewservice.service.DataPumpService [org.springframework.amqp.rabbit.RabbitListenerEndpointContainer#0-1] Brand data pump handler start brand[id=11, name=Lada]
2020-06-27 08:28:27,276 INFO com.uns.ftn.viewservice.service.DataPumpService [org.springframework.amqp.rabbit.RabbitListenerEndpointContainer#0-1] Database entry: saved brand[id=11, name=Lada]
2020-06-27 08:28:27,276 DEBUG com.uns.ftn.viewservice.service.DataPumpService [org.springframework.amqp.rabbit.RabbitListenerEndpointContainer#0-1] Brand data pump handler finish brand[id=11, name=Lada]
2020-06-27 08:28:27,276 INFO com.uns.ftn.viewservice.components.QueueConsumer [org.springframework.amqp.rabbit.RabbitListenerEndpointContainer#0-1] Rabbit mq message consumer forwarded brand[id=11, name=Lada] to data pump handler
2020-06-27 08:35:28,546 INFO com.uns.ftn.viewservice.controller.ViewController [https-jsse-nio-8087-exec-9] User had requested all advertisements
2020-06-27 08:36:06,492 INFO com.uns.ftn.viewservice.controller.ViewController [https-jsse-nio-8087-exec-3] User had requested all advertisements
2020-06-27 08:36:22,158 INFO com.uns.ftn.viewservice.controller.ViewController [https-jsse-nio-8087-exec-7] User had requested all advertisements
2020-06-27 08:36:45,610 INFO com.uns.ftn.viewservice.controller.ViewController [https-jsse-nio-8087-exec-3] Feign client had requested advertisements for agent[id=8]
2020-06-27 08:36:51,690 INFO com.uns.ftn.viewservice.controller.ViewController [https-jsse-nio-8087-exec-9] User had requested all advertisements
2020-06-27 08:38:41,921 INFO com.uns.ftn.viewservice.controller.ViewController [https-jsse-nio-8087-exec-6] User had requested all advertisements
2020-06-27 08:39:57,464 INFO com.uns.ftn.viewservice.controller.ViewController [https-jsse-nio-8087-exec-5] User had requested all advertisements
2020-06-27 08:40:14,361 INFO com.uns.ftn.viewservice.controller.ViewController [https-jsse-nio-8087-exec-1] User had requested all advertisements
2020-06-27 08:58:59,503 INFO com.uns.ftn.viewservice.controller.ViewController [https-jsse-nio-8087-exec-5] User had requested all advertisements
2020-06-27 09:00:28,954 INFO com.uns.ftn.viewservice.controller.ViewController [https-jsse-nio-8087-exec-6] User had requested all advertisements
2020-06-27 09:00:59,656 INFO com.uns.ftn.viewservice.components.QueueConsumer [org.springframework.amqp.rabbit.RabbitListenerEndpointContainer#0-1] Rabbit mq message consumer received message: [123, 34, 105, 100, 34, 58, 55, 44, 34, 110, 97, 109, 101, 34, 58, 34, 82, 117, 107, 110, 105, 34, 44, 34, 100, 101, 108, 101, 116, 101, 100, 34, 58, 102, 97, 108, 115, 101, 125]
2020-06-27 09:00:59,688 DEBUG com.uns.ftn.viewservice.service.DataPumpService [org.springframework.amqp.rabbit.RabbitListenerEndpointContainer#0-1] Gearbox type data pump handler start gearboxType[id=7, name=Rukni]
2020-06-27 09:00:59,852 INFO com.uns.ftn.viewservice.service.DataPumpService [org.springframework.amqp.rabbit.RabbitListenerEndpointContainer#0-1] Database entry: saved gearboxType[id=7, name=Rukni]
2020-06-27 09:00:59,853 DEBUG com.uns.ftn.viewservice.service.DataPumpService [org.springframework.amqp.rabbit.RabbitListenerEndpointContainer#0-1] Gearbox type data pump handler finish fuelType[id=7, name=Rukni]
2020-06-27 09:00:59,853 INFO com.uns.ftn.viewservice.components.QueueConsumer [org.springframework.amqp.rabbit.RabbitListenerEndpointContainer#0-1] Rabbit mq message consumer forwarded gearboxType[id=7, name=Rukni] to data pump handler
2020-06-27 12:25:50,985 INFO org.springframework.boot.SpringApplication [restartedMain] No active profile set, falling back to default profiles: default
2020-06-27 12:25:53,495 DEBUG org.springframework.web.filter.GenericFilterBean [restartedMain] Filter 'authenticationTokenFilterBean' configured for use
2020-06-27 12:25:54,118 INFO com.uns.ftn.viewservice.ViewServiceApplication [restartedMain] Loading keystore from: /C:/Users/Dusan/Documents/XWS/view-service/target/classes/view.keystore.p12
2020-06-27 12:25:54,128 INFO com.uns.ftn.viewservice.ViewServiceApplication [restartedMain] Loading truststore from: /C:/Users/Dusan/Documents/XWS/view-service/target/classes/view.truststore.p12
2020-06-27 12:26:00,465 INFO org.springframework.boot.StartupInfoLogger [restartedMain] Started ViewServiceApplication in 11.073 seconds (JVM running for 12.257)
