2020-06-26 07:46:26,662 INFO org.springframework.boot.SpringApplication [restartedMain] No active profile set, falling back to default profiles: default
2020-06-26 07:46:29,062 INFO com.uns.ftn.catalogservice.CatalogServiceApplication [restartedMain] Loading keystore from: /C:/Users/Dusan/Documents/XWS/catalog-service/target/classes/catalog.keystore.p12
2020-06-26 07:46:29,071 INFO com.uns.ftn.catalogservice.CatalogServiceApplication [restartedMain] Loading truststore from: /C:/Users/Dusan/Documents/XWS/catalog-service/target/classes/catalog.truststore.p12
2020-06-26 07:46:38,414 INFO org.springframework.boot.StartupInfoLogger [restartedMain] Started CatalogServiceApplication in 13.045 seconds (JVM running for 14.323)
2020-06-26 07:56:39,106 INFO org.springframework.boot.SpringApplication [restartedMain] No active profile set, falling back to default profiles: default
2020-06-26 07:56:41,009 INFO com.uns.ftn.catalogservice.conf.WebServiceConfig [restartedMain] ServletRegistrationBean: setting messageDispatcherServlet
2020-06-26 07:56:41,854 INFO com.uns.ftn.catalogservice.CatalogServiceApplication [restartedMain] Loading keystore from: /C:/Users/Dusan/Documents/XWS/catalog-service/target/classes/catalog.keystore.p12
2020-06-26 07:56:41,863 INFO com.uns.ftn.catalogservice.CatalogServiceApplication [restartedMain] Loading truststore from: /C:/Users/Dusan/Documents/XWS/catalog-service/target/classes/catalog.truststore.p12
2020-06-26 07:56:43,091 INFO com.uns.ftn.catalogservice.conf.WebServiceConfig [restartedMain] DefaultWsdl11Definition: catalog.wsdl available at https://localhost:8083/ws/catalog.wsdl
2020-06-26 07:56:46,017 INFO org.springframework.boot.StartupInfoLogger [restartedMain] Started CatalogServiceApplication in 8.47 seconds (JVM running for 9.775)
2020-06-26 07:57:27,823 INFO com.uns.ftn.catalogservice.controller.ResourceController [https-jsse-nio-8083-exec-6] User has enter /brand post endpoint
2020-06-26 07:57:27,824 DEBUG com.uns.ftn.catalogservice.service.BrandService [https-jsse-nio-8083-exec-6] Adding new brand...
2020-06-26 07:57:27,964 INFO com.uns.ftn.catalogservice.service.BrandService [https-jsse-nio-8083-exec-6] Database entry: created new brand[id=11, name=Lada]
2020-06-26 07:57:29,981 ERROR com.uns.ftn.catalogservice.components.QueueProducer [https-jsse-nio-8083-exec-6] Error occurred during publishing brand[id=11, name=Lada]
org.springframework.amqp.AmqpConnectException: java.net.ConnectException: Connection refused: connect
	at org.springframework.amqp.rabbit.support.RabbitExceptionTranslator.convertRabbitAccessException(RabbitExceptionTranslator.java:61)
	at org.springframework.amqp.rabbit.connection.AbstractConnectionFactory.createBareConnection(AbstractConnectionFactory.java:510)
	at org.springframework.amqp.rabbit.connection.CachingConnectionFactory.createConnection(CachingConnectionFactory.java:751)
	at org.springframework.amqp.rabbit.connection.ConnectionFactoryUtils.createConnection(ConnectionFactoryUtils.java:214)
	at org.springframework.amqp.rabbit.core.RabbitTemplate.doExecute(RabbitTemplate.java:2089)
	at org.springframework.amqp.rabbit.core.RabbitTemplate.execute(RabbitTemplate.java:2062)
	at org.springframework.amqp.rabbit.core.RabbitTemplate.send(RabbitTemplate.java:1009)
	at org.springframework.amqp.rabbit.core.RabbitTemplate.convertAndSend(RabbitTemplate.java:1075)
	at org.springframework.amqp.rabbit.core.RabbitTemplate.convertAndSend(RabbitTemplate.java:1047)
	at com.uns.ftn.catalogservice.components.QueueProducer.produceBrand(QueueProducer.java:44)
	at com.uns.ftn.catalogservice.service.BrandService.newBrand(BrandService.java:95)
	at com.uns.ftn.catalogservice.controller.ResourceController.addBrand(ResourceController.java:43)
	at sun.reflect.NativeMethodAccessorImpl.invoke0(Native Method)
	at sun.reflect.NativeMethodAccessorImpl.invoke(NativeMethodAccessorImpl.java:62)
	at sun.reflect.DelegatingMethodAccessorImpl.invoke(DelegatingMethodAccessorImpl.java:43)
	at java.lang.reflect.Method.invoke(Method.java:498)
	at org.springframework.web.method.support.InvocableHandlerMethod.doInvoke(InvocableHandlerMethod.java:190)
	at org.springframework.web.method.support.InvocableHandlerMethod.invokeForRequest(InvocableHandlerMethod.java:138)
	at org.springframework.web.servlet.mvc.method.annotation.ServletInvocableHandlerMethod.invokeAndHandle(ServletInvocableHandlerMethod.java:105)
	at org.springframework.web.servlet.mvc.method.annotation.RequestMappingHandlerAdapter.invokeHandlerMethod(RequestMappingHandlerAdapter.java:879)
	at org.springframework.web.servlet.mvc.method.annotation.RequestMappingHandlerAdapter.handleInternal(RequestMappingHandlerAdapter.java:793)
	at org.springframework.web.servlet.mvc.method.AbstractHandlerMethodAdapter.handle(AbstractHandlerMethodAdapter.java:87)
	at org.springframework.web.servlet.DispatcherServlet.doDispatch(DispatcherServlet.java:1040)
	at org.springframework.web.servlet.DispatcherServlet.doService(DispatcherServlet.java:943)
	at org.springframework.web.servlet.FrameworkServlet.processRequest(FrameworkServlet.java:1006)
	at org.springframework.web.servlet.FrameworkServlet.doPost(FrameworkServlet.java:909)
	at javax.servlet.http.HttpServlet.service(HttpServlet.java:660)
	at org.springframework.web.servlet.FrameworkServlet.service(FrameworkServlet.java:883)
	at javax.servlet.http.HttpServlet.service(HttpServlet.java:741)
	at org.apache.catalina.core.ApplicationFilterChain.internalDoFilter(ApplicationFilterChain.java:231)
	at org.apache.catalina.core.ApplicationFilterChain.doFilter(ApplicationFilterChain.java:166)
	at org.apache.tomcat.websocket.server.WsFilter.doFilter(WsFilter.java:53)
	at org.apache.catalina.core.ApplicationFilterChain.internalDoFilter(ApplicationFilterChain.java:193)
	at org.apache.catalina.core.ApplicationFilterChain.doFilter(ApplicationFilterChain.java:166)
	at org.springframework.web.filter.RequestContextFilter.doFilterInternal(RequestContextFilter.java:100)
	at org.springframework.web.filter.OncePerRequestFilter.doFilter(OncePerRequestFilter.java:119)
	at org.apache.catalina.core.ApplicationFilterChain.internalDoFilter(ApplicationFilterChain.java:193)
	at org.apache.catalina.core.ApplicationFilterChain.doFilter(ApplicationFilterChain.java:166)
	at org.springframework.web.filter.FormContentFilter.doFilterInternal(FormContentFilter.java:93)
	at org.springframework.web.filter.OncePerRequestFilter.doFilter(OncePerRequestFilter.java:119)
	at org.apache.catalina.core.ApplicationFilterChain.internalDoFilter(ApplicationFilterChain.java:193)
	at org.apache.catalina.core.ApplicationFilterChain.doFilter(ApplicationFilterChain.java:166)
	at org.springframework.web.filter.CharacterEncodingFilter.doFilterInternal(CharacterEncodingFilter.java:201)
	at org.springframework.web.filter.OncePerRequestFilter.doFilter(OncePerRequestFilter.java:119)
	at org.apache.catalina.core.ApplicationFilterChain.internalDoFilter(ApplicationFilterChain.java:193)
	at org.apache.catalina.core.ApplicationFilterChain.doFilter(ApplicationFilterChain.java:166)
	at org.apache.catalina.core.StandardWrapperValve.invoke(StandardWrapperValve.java:202)
	at org.apache.catalina.core.StandardContextValve.invoke(StandardContextValve.java:96)
	at org.apache.catalina.authenticator.AuthenticatorBase.invoke(AuthenticatorBase.java:541)
	at org.apache.catalina.core.StandardHostValve.invoke(StandardHostValve.java:139)
	at org.apache.catalina.valves.ErrorReportValve.invoke(ErrorReportValve.java:92)
	at org.apache.catalina.core.StandardEngineValve.invoke(StandardEngineValve.java:74)
	at org.apache.catalina.connector.CoyoteAdapter.service(CoyoteAdapter.java:343)
	at org.apache.coyote.http11.Http11Processor.service(Http11Processor.java:373)
	at org.apache.coyote.AbstractProcessorLight.process(AbstractProcessorLight.java:65)
	at org.apache.coyote.AbstractProtocol$ConnectionHandler.process(AbstractProtocol.java:868)
	at org.apache.tomcat.util.net.NioEndpoint$SocketProcessor.doRun(NioEndpoint.java:1590)
	at org.apache.tomcat.util.net.SocketProcessorBase.run(SocketProcessorBase.java:49)
	at java.util.concurrent.ThreadPoolExecutor.runWorker(ThreadPoolExecutor.java:1149)
	at java.util.concurrent.ThreadPoolExecutor$Worker.run(ThreadPoolExecutor.java:624)
	at org.apache.tomcat.util.threads.TaskThread$WrappingRunnable.run(TaskThread.java:61)
	at java.lang.Thread.run(Thread.java:748)
Caused by: java.net.ConnectException: Connection refused: connect
	at java.net.DualStackPlainSocketImpl.waitForConnect(Native Method)
	at java.net.DualStackPlainSocketImpl.socketConnect(DualStackPlainSocketImpl.java:85)
	at java.net.AbstractPlainSocketImpl.doConnect(AbstractPlainSocketImpl.java:350)
	at java.net.AbstractPlainSocketImpl.connectToAddress(AbstractPlainSocketImpl.java:206)
	at java.net.AbstractPlainSocketImpl.connect(AbstractPlainSocketImpl.java:188)
	at java.net.PlainSocketImpl.connect(PlainSocketImpl.java:172)
	at java.net.SocksSocketImpl.connect(SocksSocketImpl.java:392)
	at java.net.Socket.connect(Socket.java:589)
	at sun.security.ssl.SSLSocketImpl.connect(SSLSocketImpl.java:666)
	at com.rabbitmq.client.impl.SocketFrameHandlerFactory.create(SocketFrameHandlerFactory.java:60)
	at com.rabbitmq.client.ConnectionFactory.newConnection(ConnectionFactory.java:1137)
	at com.rabbitmq.client.ConnectionFactory.newConnection(ConnectionFactory.java:1087)
	at org.springframework.amqp.rabbit.connection.AbstractConnectionFactory.connect(AbstractConnectionFactory.java:526)
	at org.springframework.amqp.rabbit.connection.AbstractConnectionFactory.createBareConnection(AbstractConnectionFactory.java:473)
	... 60 common frames omitted
2020-06-26 07:57:29,982 DEBUG com.uns.ftn.catalogservice.service.BrandService [https-jsse-nio-8083-exec-6] Finished adding new brand...
2020-06-26 11:14:30,095 INFO org.springframework.boot.SpringApplication [restartedMain] No active profile set, falling back to default profiles: default
2020-06-26 11:14:32,855 INFO com.uns.ftn.catalogservice.conf.WebServiceConfig [restartedMain] ServletRegistrationBean: setting messageDispatcherServlet
2020-06-26 11:14:33,972 INFO com.uns.ftn.catalogservice.CatalogServiceApplication [restartedMain] Loading keystore from: /C:/Users/Dusan/Documents/XWS/catalog-service/target/classes/catalog.keystore.p12
2020-06-26 11:14:33,982 INFO com.uns.ftn.catalogservice.CatalogServiceApplication [restartedMain] Loading truststore from: /C:/Users/Dusan/Documents/XWS/catalog-service/target/classes/catalog.truststore.p12
2020-06-26 11:15:05,184 INFO org.springframework.boot.SpringApplication [restartedMain] No active profile set, falling back to default profiles: default
2020-06-26 11:15:06,776 INFO com.uns.ftn.catalogservice.conf.WebServiceConfig [restartedMain] ServletRegistrationBean: setting messageDispatcherServlet
2020-06-26 11:15:07,605 INFO com.uns.ftn.catalogservice.CatalogServiceApplication [restartedMain] Loading keystore from: /C:/Users/Dusan/Documents/XWS/catalog-service/target/classes/catalog.keystore.p12
2020-06-26 11:15:07,614 INFO com.uns.ftn.catalogservice.CatalogServiceApplication [restartedMain] Loading truststore from: /C:/Users/Dusan/Documents/XWS/catalog-service/target/classes/catalog.truststore.p12
2020-06-26 11:15:08,986 INFO com.uns.ftn.catalogservice.conf.WebServiceConfig [restartedMain] DefaultWsdl11Definition: catalog.wsdl available at https://localhost:8083/ws/catalog.wsdl
2020-06-26 11:15:12,001 INFO org.springframework.boot.StartupInfoLogger [restartedMain] Started CatalogServiceApplication in 8.172 seconds (JVM running for 9.227)
2020-06-26 11:20:34,101 INFO com.uns.ftn.catalogservice.controller.ResourceController [https-jsse-nio-8083-exec-5] User has enter /brand post endpoint
2020-06-26 11:20:34,102 DEBUG com.uns.ftn.catalogservice.service.BrandService [https-jsse-nio-8083-exec-5] Adding new brand...
2020-06-26 11:20:34,561 INFO com.uns.ftn.catalogservice.service.BrandService [https-jsse-nio-8083-exec-5] Database entry: created new brand[id=11, name=Lada]
2020-06-26 11:20:36,588 ERROR com.uns.ftn.catalogservice.components.QueueProducer [https-jsse-nio-8083-exec-5] Error occurred during publishing brand[id=11, name=Lada]
org.springframework.amqp.AmqpConnectException: java.net.ConnectException: Connection refused: connect
	at org.springframework.amqp.rabbit.support.RabbitExceptionTranslator.convertRabbitAccessException(RabbitExceptionTranslator.java:61)
	at org.springframework.amqp.rabbit.connection.AbstractConnectionFactory.createBareConnection(AbstractConnectionFactory.java:510)
	at org.springframework.amqp.rabbit.connection.CachingConnectionFactory.createConnection(CachingConnectionFactory.java:751)
	at org.springframework.amqp.rabbit.connection.ConnectionFactoryUtils.createConnection(ConnectionFactoryUtils.java:214)
	at org.springframework.amqp.rabbit.core.RabbitTemplate.doExecute(RabbitTemplate.java:2089)
	at org.springframework.amqp.rabbit.core.RabbitTemplate.execute(RabbitTemplate.java:2062)
	at org.springframework.amqp.rabbit.core.RabbitTemplate.send(RabbitTemplate.java:1009)
	at org.springframework.amqp.rabbit.core.RabbitTemplate.convertAndSend(RabbitTemplate.java:1075)
	at org.springframework.amqp.rabbit.core.RabbitTemplate.convertAndSend(RabbitTemplate.java:1047)
	at com.uns.ftn.catalogservice.components.QueueProducer.produceBrand(QueueProducer.java:44)
	at com.uns.ftn.catalogservice.service.BrandService.newBrand(BrandService.java:95)
	at com.uns.ftn.catalogservice.controller.ResourceController.addBrand(ResourceController.java:43)
	at sun.reflect.NativeMethodAccessorImpl.invoke0(Native Method)
	at sun.reflect.NativeMethodAccessorImpl.invoke(NativeMethodAccessorImpl.java:62)
	at sun.reflect.DelegatingMethodAccessorImpl.invoke(DelegatingMethodAccessorImpl.java:43)
	at java.lang.reflect.Method.invoke(Method.java:498)
	at org.springframework.web.method.support.InvocableHandlerMethod.doInvoke(InvocableHandlerMethod.java:190)
	at org.springframework.web.method.support.InvocableHandlerMethod.invokeForRequest(InvocableHandlerMethod.java:138)
	at org.springframework.web.servlet.mvc.method.annotation.ServletInvocableHandlerMethod.invokeAndHandle(ServletInvocableHandlerMethod.java:105)
	at org.springframework.web.servlet.mvc.method.annotation.RequestMappingHandlerAdapter.invokeHandlerMethod(RequestMappingHandlerAdapter.java:879)
	at org.springframework.web.servlet.mvc.method.annotation.RequestMappingHandlerAdapter.handleInternal(RequestMappingHandlerAdapter.java:793)
	at org.springframework.web.servlet.mvc.method.AbstractHandlerMethodAdapter.handle(AbstractHandlerMethodAdapter.java:87)
	at org.springframework.web.servlet.DispatcherServlet.doDispatch(DispatcherServlet.java:1040)
	at org.springframework.web.servlet.DispatcherServlet.doService(DispatcherServlet.java:943)
	at org.springframework.web.servlet.FrameworkServlet.processRequest(FrameworkServlet.java:1006)
	at org.springframework.web.servlet.FrameworkServlet.doPost(FrameworkServlet.java:909)
	at javax.servlet.http.HttpServlet.service(HttpServlet.java:660)
	at org.springframework.web.servlet.FrameworkServlet.service(FrameworkServlet.java:883)
	at javax.servlet.http.HttpServlet.service(HttpServlet.java:741)
	at org.apache.catalina.core.ApplicationFilterChain.internalDoFilter(ApplicationFilterChain.java:231)
	at org.apache.catalina.core.ApplicationFilterChain.doFilter(ApplicationFilterChain.java:166)
	at org.apache.tomcat.websocket.server.WsFilter.doFilter(WsFilter.java:53)
	at org.apache.catalina.core.ApplicationFilterChain.internalDoFilter(ApplicationFilterChain.java:193)
	at org.apache.catalina.core.ApplicationFilterChain.doFilter(ApplicationFilterChain.java:166)
	at org.springframework.web.filter.RequestContextFilter.doFilterInternal(RequestContextFilter.java:100)
	at org.springframework.web.filter.OncePerRequestFilter.doFilter(OncePerRequestFilter.java:119)
	at org.apache.catalina.core.ApplicationFilterChain.internalDoFilter(ApplicationFilterChain.java:193)
	at org.apache.catalina.core.ApplicationFilterChain.doFilter(ApplicationFilterChain.java:166)
	at org.springframework.web.filter.FormContentFilter.doFilterInternal(FormContentFilter.java:93)
	at org.springframework.web.filter.OncePerRequestFilter.doFilter(OncePerRequestFilter.java:119)
	at org.apache.catalina.core.ApplicationFilterChain.internalDoFilter(ApplicationFilterChain.java:193)
	at org.apache.catalina.core.ApplicationFilterChain.doFilter(ApplicationFilterChain.java:166)
	at org.springframework.web.filter.CharacterEncodingFilter.doFilterInternal(CharacterEncodingFilter.java:201)
	at org.springframework.web.filter.OncePerRequestFilter.doFilter(OncePerRequestFilter.java:119)
	at org.apache.catalina.core.ApplicationFilterChain.internalDoFilter(ApplicationFilterChain.java:193)
	at org.apache.catalina.core.ApplicationFilterChain.doFilter(ApplicationFilterChain.java:166)
	at org.apache.catalina.core.StandardWrapperValve.invoke(StandardWrapperValve.java:202)
	at org.apache.catalina.core.StandardContextValve.invoke(StandardContextValve.java:96)
	at org.apache.catalina.authenticator.AuthenticatorBase.invoke(AuthenticatorBase.java:541)
	at org.apache.catalina.core.StandardHostValve.invoke(StandardHostValve.java:139)
	at org.apache.catalina.valves.ErrorReportValve.invoke(ErrorReportValve.java:92)
	at org.apache.catalina.core.StandardEngineValve.invoke(StandardEngineValve.java:74)
	at org.apache.catalina.connector.CoyoteAdapter.service(CoyoteAdapter.java:343)
	at org.apache.coyote.http11.Http11Processor.service(Http11Processor.java:373)
	at org.apache.coyote.AbstractProcessorLight.process(AbstractProcessorLight.java:65)
	at org.apache.coyote.AbstractProtocol$ConnectionHandler.process(AbstractProtocol.java:868)
	at org.apache.tomcat.util.net.NioEndpoint$SocketProcessor.doRun(NioEndpoint.java:1590)
	at org.apache.tomcat.util.net.SocketProcessorBase.run(SocketProcessorBase.java:49)
	at java.util.concurrent.ThreadPoolExecutor.runWorker(ThreadPoolExecutor.java:1149)
	at java.util.concurrent.ThreadPoolExecutor$Worker.run(ThreadPoolExecutor.java:624)
	at org.apache.tomcat.util.threads.TaskThread$WrappingRunnable.run(TaskThread.java:61)
	at java.lang.Thread.run(Thread.java:748)
Caused by: java.net.ConnectException: Connection refused: connect
	at java.net.DualStackPlainSocketImpl.waitForConnect(Native Method)
	at java.net.DualStackPlainSocketImpl.socketConnect(DualStackPlainSocketImpl.java:85)
	at java.net.AbstractPlainSocketImpl.doConnect(AbstractPlainSocketImpl.java:350)
	at java.net.AbstractPlainSocketImpl.connectToAddress(AbstractPlainSocketImpl.java:206)
	at java.net.AbstractPlainSocketImpl.connect(AbstractPlainSocketImpl.java:188)
	at java.net.PlainSocketImpl.connect(PlainSocketImpl.java:172)
	at java.net.SocksSocketImpl.connect(SocksSocketImpl.java:392)
	at java.net.Socket.connect(Socket.java:589)
	at sun.security.ssl.SSLSocketImpl.connect(SSLSocketImpl.java:666)
	at com.rabbitmq.client.impl.SocketFrameHandlerFactory.create(SocketFrameHandlerFactory.java:60)
	at com.rabbitmq.client.ConnectionFactory.newConnection(ConnectionFactory.java:1137)
	at com.rabbitmq.client.ConnectionFactory.newConnection(ConnectionFactory.java:1087)
	at org.springframework.amqp.rabbit.connection.AbstractConnectionFactory.connect(AbstractConnectionFactory.java:526)
	at org.springframework.amqp.rabbit.connection.AbstractConnectionFactory.createBareConnection(AbstractConnectionFactory.java:473)
	... 60 common frames omitted
2020-06-26 11:20:36,601 DEBUG com.uns.ftn.catalogservice.service.BrandService [https-jsse-nio-8083-exec-5] Finished adding new brand...
2020-06-26 12:34:33,029 INFO org.springframework.boot.SpringApplication [restartedMain] No active profile set, falling back to default profiles: default
2020-06-26 12:34:34,767 INFO com.uns.ftn.catalogservice.conf.WebServiceConfig [restartedMain] ServletRegistrationBean: setting messageDispatcherServlet
2020-06-26 12:34:35,664 INFO com.uns.ftn.catalogservice.CatalogServiceApplication [restartedMain] Loading keystore from: /C:/Users/Dusan/Documents/XWS/catalog-service/target/classes/catalog.keystore.p12
2020-06-26 12:34:35,673 INFO com.uns.ftn.catalogservice.CatalogServiceApplication [restartedMain] Loading truststore from: /C:/Users/Dusan/Documents/XWS/catalog-service/target/classes/catalog.truststore.p12
2020-06-26 12:34:39,345 INFO com.uns.ftn.catalogservice.conf.WebServiceConfig [restartedMain] DefaultWsdl11Definition: catalog.wsdl available at https://localhost:8083/ws/catalog.wsdl
2020-06-26 12:34:42,486 INFO org.springframework.boot.StartupInfoLogger [restartedMain] Started CatalogServiceApplication in 10.924 seconds (JVM running for 12.473)
2020-06-26 17:13:15,260 INFO org.springframework.boot.SpringApplication [restartedMain] No active profile set, falling back to default profiles: default
2020-06-26 17:13:17,944 INFO com.uns.ftn.catalogservice.conf.WebServiceConfig [restartedMain] ServletRegistrationBean: setting messageDispatcherServlet
2020-06-26 17:13:19,147 INFO com.uns.ftn.catalogservice.CatalogServiceApplication [restartedMain] Loading keystore from: /C:/Users/Dusan/Documents/XWS/catalog-service/target/classes/catalog.keystore.p12
2020-06-26 17:13:19,162 INFO com.uns.ftn.catalogservice.CatalogServiceApplication [restartedMain] Loading truststore from: /C:/Users/Dusan/Documents/XWS/catalog-service/target/classes/catalog.truststore.p12
2020-06-26 17:13:21,310 INFO com.uns.ftn.catalogservice.conf.WebServiceConfig [restartedMain] DefaultWsdl11Definition: catalog.wsdl available at https://localhost:8083/ws/catalog.wsdl
2020-06-26 17:13:29,527 INFO org.springframework.boot.StartupInfoLogger [restartedMain] Started CatalogServiceApplication in 15.914 seconds (JVM running for 17.111)
2020-06-26 17:45:38,149 INFO org.springframework.boot.SpringApplication [restartedMain] No active profile set, falling back to default profiles: default
2020-06-26 17:45:41,745 INFO com.uns.ftn.catalogservice.conf.WebServiceConfig [restartedMain] ServletRegistrationBean: setting messageDispatcherServlet
2020-06-26 17:45:48,568 INFO com.uns.ftn.catalogservice.CatalogServiceApplication [restartedMain] Loading keystore from: /C:/Users/Dusan/Documents/XWS/catalog-service/target/classes/catalog.keystore.p12
2020-06-26 17:45:48,582 INFO com.uns.ftn.catalogservice.CatalogServiceApplication [restartedMain] Loading truststore from: /C:/Users/Dusan/Documents/XWS/catalog-service/target/classes/catalog.truststore.p12
2020-06-26 17:45:51,891 INFO com.uns.ftn.catalogservice.conf.WebServiceConfig [restartedMain] DefaultWsdl11Definition: catalog.wsdl available at https://localhost:8083/ws/catalog.wsdl
2020-06-26 17:46:00,608 INFO org.springframework.boot.StartupInfoLogger [restartedMain] Started CatalogServiceApplication in 25.344 seconds (JVM running for 28.039)
2020-06-26 19:24:59,140 INFO org.springframework.boot.SpringApplication [restartedMain] No active profile set, falling back to default profiles: default
2020-06-26 19:25:06,438 INFO com.uns.ftn.catalogservice.conf.WebServiceConfig [restartedMain] ServletRegistrationBean: setting messageDispatcherServlet
2020-06-26 19:25:09,434 INFO com.uns.ftn.catalogservice.CatalogServiceApplication [restartedMain] Loading keystore from: /C:/Users/Dusan/Documents/XWS/catalog-service/target/classes/catalog.keystore.p12
2020-06-26 19:25:09,449 INFO com.uns.ftn.catalogservice.CatalogServiceApplication [restartedMain] Loading truststore from: /C:/Users/Dusan/Documents/XWS/catalog-service/target/classes/catalog.truststore.p12
2020-06-26 19:25:15,699 INFO com.uns.ftn.catalogservice.conf.WebServiceConfig [restartedMain] DefaultWsdl11Definition: catalog.wsdl available at https://localhost:8083/ws/catalog.wsdl
2020-06-26 19:25:19,436 INFO org.springframework.boot.StartupInfoLogger [restartedMain] Started CatalogServiceApplication in 23.172 seconds (JVM running for 25.027)
