2020-06-27 07:57:11,873 INFO org.springframework.boot.SpringApplication [main] No active profile set, falling back to default profiles: default
2020-06-27 07:57:15,669 DEBUG org.springframework.web.filter.GenericFilterBean [main] Filter 'authenticationTokenFilterBean' configured for use
2020-06-27 07:57:56,184 INFO org.springframework.boot.SpringApplication [main] No active profile set, falling back to default profiles: default
2020-06-27 07:57:59,125 DEBUG org.springframework.web.filter.GenericFilterBean [main] Filter 'authenticationTokenFilterBean' configured for use
2020-06-27 07:58:08,490 INFO org.springframework.boot.StartupInfoLogger [main] Started AccountServiceApplication in 13.745 seconds (JVM running for 14.809)
2020-06-27 08:11:03,416 INFO org.springframework.boot.SpringApplication [main] No active profile set, falling back to default profiles: default
2020-06-27 08:11:10,476 DEBUG org.springframework.web.filter.GenericFilterBean [main] Filter 'authenticationTokenFilterBean' configured for use
2020-06-27 08:11:23,591 INFO org.springframework.boot.StartupInfoLogger [main] Started AccountServiceApplication in 21.724 seconds (JVM running for 22.88)
2020-06-27 08:18:26,436 DEBUG com.uns.ftn.accountservice.controller.AccountController [https-jsse-nio-8080-exec-2] Register user with username dusan.petkovic02@gmail.com
2020-06-27 08:18:26,441 INFO com.uns.ftn.accountservice.service.UserService [https-jsse-nio-8080-exec-2] New user has submitted registration request
2020-06-27 08:18:26,863 INFO com.uns.ftn.accountservice.service.UserService [https-jsse-nio-8080-exec-2] User with username dusan.petkovic02@gmail.com has been saved
2020-06-27 08:18:26,871 DEBUG com.uns.ftn.accountservice.service.UserService [https-jsse-nio-8080-exec-2] User with role SIMPLE_USER has been saved
2020-06-27 08:18:26,987 INFO com.uns.ftn.accountservice.service.UserService [https-jsse-nio-8080-exec-2] User verification token has been saved
2020-06-27 08:18:26,988 DEBUG com.uns.ftn.accountservice.service.UserService [https-jsse-nio-8080-exec-2] Verification mail has been sent through message queue
2020-06-27 08:27:02,723 DEBUG com.uns.ftn.accountservice.controller.AccountController [https-jsse-nio-8080-exec-9] Login user with username admin@soul.com
2020-06-27 08:27:02,729 INFO com.uns.ftn.accountservice.service.UserService [https-jsse-nio-8080-exec-9] User is signing in
2020-06-27 08:27:02,837 DEBUG com.uns.ftn.accountservice.service.UserService [https-jsse-nio-8080-exec-9] Retrieving user with username admin@soul.com
2020-06-27 08:27:03,024 INFO com.uns.ftn.accountservice.service.UserService [https-jsse-nio-8080-exec-9] Checking status of user with username admin@soul.com
2020-06-27 08:27:03,024 DEBUG com.uns.ftn.accountservice.service.UserService [https-jsse-nio-8080-exec-9] Retrieving user with username admin@soul.com
2020-06-27 08:27:03,026 DEBUG com.uns.ftn.accountservice.service.UserService [https-jsse-nio-8080-exec-9] Retrieving simple user with username admin@soul.com
2020-06-27 08:27:03,034 DEBUG com.uns.ftn.accountservice.service.UserService [https-jsse-nio-8080-exec-9] Retrieving user with username admin@soul.com
2020-06-27 08:27:03,388 INFO com.uns.ftn.accountservice.service.UserService [https-jsse-nio-8080-exec-9] Token has been issued to user with username admin@soul.com
2020-06-27 08:27:03,388 INFO com.uns.ftn.accountservice.service.UserService [https-jsse-nio-8080-exec-9] Refresh token is being issued to user with username admin@soul.com
2020-06-27 08:27:03,389 DEBUG com.uns.ftn.accountservice.service.UserService [https-jsse-nio-8080-exec-9] Retrieving user with username admin@soul.com
2020-06-27 08:27:03,698 DEBUG com.uns.ftn.accountservice.controller.AccountController [https-jsse-nio-8080-exec-2] Token verification invoked
2020-06-27 08:27:03,857 DEBUG com.uns.ftn.accountservice.controller.AccountController [https-jsse-nio-8080-exec-4] Get logged user with username admin@soul.com
2020-06-27 08:27:03,859 DEBUG com.uns.ftn.accountservice.service.UserService [https-jsse-nio-8080-exec-4] Retrieving user with username admin@soul.com
2020-06-27 08:27:03,938 DEBUG com.uns.ftn.accountservice.controller.AccountController [https-jsse-nio-8080-exec-3] Token verification invoked
2020-06-27 08:27:06,679 DEBUG com.uns.ftn.accountservice.controller.AccountController [https-jsse-nio-8080-exec-9] Token verification invoked
2020-06-27 08:27:20,721 DEBUG com.uns.ftn.accountservice.controller.AccountController [https-jsse-nio-8080-exec-2] Token verification invoked
2020-06-27 08:32:20,074 INFO org.springframework.boot.SpringApplication [main] No active profile set, falling back to default profiles: default
2020-06-27 08:32:23,100 DEBUG org.springframework.web.filter.GenericFilterBean [main] Filter 'authenticationTokenFilterBean' configured for use
2020-06-27 08:32:32,645 INFO org.springframework.boot.StartupInfoLogger [main] Started AccountServiceApplication in 13.957 seconds (JVM running for 14.932)
2020-06-27 08:32:41,770 DEBUG com.uns.ftn.accountservice.controller.AccountController [https-jsse-nio-8080-exec-5] Logout
2020-06-27 08:33:10,416 DEBUG com.uns.ftn.accountservice.controller.AccountController [https-jsse-nio-8080-exec-6] Register user with username dusan.petkovic02@gmail.com
2020-06-27 08:33:10,417 INFO com.uns.ftn.accountservice.service.UserService [https-jsse-nio-8080-exec-6] New user has submitted registration request
2020-06-27 08:33:10,584 INFO com.uns.ftn.accountservice.service.UserService [https-jsse-nio-8080-exec-6] User with username dusan.petkovic02@gmail.com has been saved
2020-06-27 08:33:10,589 DEBUG com.uns.ftn.accountservice.service.UserService [https-jsse-nio-8080-exec-6] User with role SIMPLE_USER has been saved
2020-06-27 08:33:10,641 INFO com.uns.ftn.accountservice.service.UserService [https-jsse-nio-8080-exec-6] User verification token has been saved
2020-06-27 08:33:10,835 DEBUG com.uns.ftn.accountservice.components.QueueProducer [https-jsse-nio-8080-exec-6] Verification mail has been sent through message queue
2020-06-27 08:35:24,441 DEBUG com.uns.ftn.accountservice.controller.AccountController [https-jsse-nio-8080-exec-1] Activate account
2020-06-27 08:35:24,442 INFO com.uns.ftn.accountservice.service.UserService [https-jsse-nio-8080-exec-1] Activating account
2020-06-27 08:35:24,495 INFO com.uns.ftn.accountservice.service.UserService [https-jsse-nio-8080-exec-1] User is successfully registered
2020-06-27 08:35:24,497 DEBUG com.uns.ftn.accountservice.service.UserService [https-jsse-nio-8080-exec-1] Message about successful registration is being sent through queue
2020-06-27 08:35:24,498 DEBUG com.uns.ftn.accountservice.components.QueueProducer [https-jsse-nio-8080-exec-1] Verification mail has been sent through message queue
2020-06-27 08:36:05,588 DEBUG com.uns.ftn.accountservice.controller.AccountController [https-jsse-nio-8080-exec-2] Login user with username dusan.petkovic02@gmail.com
2020-06-27 08:36:05,590 INFO com.uns.ftn.accountservice.service.UserService [https-jsse-nio-8080-exec-2] User is signing in
2020-06-27 08:36:05,687 DEBUG com.uns.ftn.accountservice.service.UserService [https-jsse-nio-8080-exec-2] Retrieving user with username dusan.petkovic02@gmail.com
2020-06-27 08:36:05,793 INFO com.uns.ftn.accountservice.service.UserService [https-jsse-nio-8080-exec-2] Checking status of user with username dusan.petkovic02@gmail.com
2020-06-27 08:36:05,794 DEBUG com.uns.ftn.accountservice.service.UserService [https-jsse-nio-8080-exec-2] Retrieving user with username dusan.petkovic02@gmail.com
2020-06-27 08:36:05,795 DEBUG com.uns.ftn.accountservice.service.UserService [https-jsse-nio-8080-exec-2] Retrieving simple user with username dusan.petkovic02@gmail.com
2020-06-27 08:36:05,800 DEBUG com.uns.ftn.accountservice.service.UserService [https-jsse-nio-8080-exec-2] Retrieving user with username dusan.petkovic02@gmail.com
2020-06-27 08:36:06,153 INFO com.uns.ftn.accountservice.service.UserService [https-jsse-nio-8080-exec-2] Token has been issued to user with username dusan.petkovic02@gmail.com
2020-06-27 08:36:06,153 INFO com.uns.ftn.accountservice.service.UserService [https-jsse-nio-8080-exec-2] Refresh token is being issued to user with username dusan.petkovic02@gmail.com
2020-06-27 08:36:06,154 DEBUG com.uns.ftn.accountservice.service.UserService [https-jsse-nio-8080-exec-2] Retrieving user with username dusan.petkovic02@gmail.com
2020-06-27 08:36:06,296 DEBUG com.uns.ftn.accountservice.controller.AccountController [https-jsse-nio-8080-exec-7] Token verification invoked
2020-06-27 08:36:06,374 DEBUG com.uns.ftn.accountservice.controller.AccountController [https-jsse-nio-8080-exec-10] Get logged user with username dusan.petkovic02@gmail.com
2020-06-27 08:36:06,374 DEBUG com.uns.ftn.accountservice.service.UserService [https-jsse-nio-8080-exec-10] Retrieving user with username dusan.petkovic02@gmail.com
2020-06-27 08:36:06,451 DEBUG com.uns.ftn.accountservice.controller.AccountController [https-jsse-nio-8080-exec-6] Token verification invoked
2020-06-27 08:36:15,624 DEBUG com.uns.ftn.accountservice.controller.AccountController [https-jsse-nio-8080-exec-1] Token verification invoked
2020-06-27 08:36:17,679 DEBUG com.uns.ftn.accountservice.controller.AccountController [https-jsse-nio-8080-exec-5] Token verification invoked
2020-06-27 08:36:22,143 DEBUG com.uns.ftn.accountservice.controller.AccountController [https-jsse-nio-8080-exec-1] Token verification invoked
2020-06-27 08:36:45,566 DEBUG com.uns.ftn.accountservice.controller.AccountController [https-jsse-nio-8080-exec-8] Token verification invoked
2020-06-27 08:36:45,572 DEBUG com.uns.ftn.accountservice.controller.AccountController [https-jsse-nio-8080-exec-10] Token verification invoked
2020-06-27 08:36:51,663 DEBUG com.uns.ftn.accountservice.controller.AccountController [https-jsse-nio-8080-exec-5] Token verification invoked
2020-06-27 08:38:40,982 DEBUG com.uns.ftn.accountservice.controller.AccountController [https-jsse-nio-8080-exec-2] Token verification invoked
2020-06-27 08:38:41,074 DEBUG com.uns.ftn.accountservice.controller.AccountController [https-jsse-nio-8080-exec-7] Change password
2020-06-27 08:38:41,074 INFO com.uns.ftn.accountservice.service.UserService [https-jsse-nio-8080-exec-7] User with username dusan.petkovic02@gmail.com has requested password change
2020-06-27 08:38:41,078 DEBUG com.uns.ftn.accountservice.service.UserService [https-jsse-nio-8080-exec-7] Retrieving user with username dusan.petkovic02@gmail.com
2020-06-27 08:38:41,194 INFO com.uns.ftn.accountservice.service.UserService [https-jsse-nio-8080-exec-7] Retrieving user with username dusan.petkovic02@gmail.com
2020-06-27 08:38:41,322 INFO com.uns.ftn.accountservice.service.UserService [https-jsse-nio-8080-exec-7] User with username dusan.petkovic02@gmail.com has successfully changed his password
2020-06-27 08:38:41,478 DEBUG com.uns.ftn.accountservice.controller.AccountController [https-jsse-nio-8080-exec-9] Token verification invoked
2020-06-27 08:38:48,029 DEBUG com.uns.ftn.accountservice.controller.AccountController [https-jsse-nio-8080-exec-6] Logout
2020-06-27 08:39:00,975 DEBUG com.uns.ftn.accountservice.controller.AccountController [https-jsse-nio-8080-exec-5] Password reset for user with username dusan.petkovic02@gmail.com
2020-06-27 08:39:00,975 INFO com.uns.ftn.accountservice.service.UserService [https-jsse-nio-8080-exec-5] Retrieving user with username dusan.petkovic02@gmail.com
2020-06-27 08:39:01,017 DEBUG com.uns.ftn.accountservice.components.QueueProducer [https-jsse-nio-8080-exec-5] Verification mail has been sent through message queue
2020-06-27 08:39:55,374 DEBUG com.uns.ftn.accountservice.controller.AccountController [https-jsse-nio-8080-exec-7] Reset password
2020-06-27 08:39:55,375 INFO com.uns.ftn.accountservice.service.UserService [https-jsse-nio-8080-exec-7] Resetting password
2020-06-27 08:39:55,488 INFO com.uns.ftn.accountservice.service.UserService [https-jsse-nio-8080-exec-7] User with username dusan.petkovic02@gmail.com has successfully renewed password
2020-06-27 08:40:14,156 DEBUG com.uns.ftn.accountservice.controller.AccountController [https-jsse-nio-8080-exec-3] Login user with username dusan.petkovic02@gmail.com
2020-06-27 08:40:14,156 INFO com.uns.ftn.accountservice.service.UserService [https-jsse-nio-8080-exec-3] User is signing in
2020-06-27 08:40:14,157 DEBUG com.uns.ftn.accountservice.service.UserService [https-jsse-nio-8080-exec-3] Retrieving user with username dusan.petkovic02@gmail.com
2020-06-27 08:40:14,250 INFO com.uns.ftn.accountservice.service.UserService [https-jsse-nio-8080-exec-3] Checking status of user with username dusan.petkovic02@gmail.com
2020-06-27 08:40:14,250 DEBUG com.uns.ftn.accountservice.service.UserService [https-jsse-nio-8080-exec-3] Retrieving user with username dusan.petkovic02@gmail.com
2020-06-27 08:40:14,251 DEBUG com.uns.ftn.accountservice.service.UserService [https-jsse-nio-8080-exec-3] Retrieving simple user with username dusan.petkovic02@gmail.com
2020-06-27 08:40:14,254 DEBUG com.uns.ftn.accountservice.service.UserService [https-jsse-nio-8080-exec-3] Retrieving user with username dusan.petkovic02@gmail.com
2020-06-27 08:40:14,255 INFO com.uns.ftn.accountservice.service.UserService [https-jsse-nio-8080-exec-3] Token has been issued to user with username dusan.petkovic02@gmail.com
2020-06-27 08:40:14,256 INFO com.uns.ftn.accountservice.service.UserService [https-jsse-nio-8080-exec-3] Refresh token is being issued to user with username dusan.petkovic02@gmail.com
2020-06-27 08:40:14,256 DEBUG com.uns.ftn.accountservice.service.UserService [https-jsse-nio-8080-exec-3] Retrieving user with username dusan.petkovic02@gmail.com
2020-06-27 08:40:14,278 DEBUG com.uns.ftn.accountservice.controller.AccountController [https-jsse-nio-8080-exec-2] Token verification invoked
2020-06-27 08:40:14,285 DEBUG com.uns.ftn.accountservice.controller.AccountController [https-jsse-nio-8080-exec-4] Get logged user with username dusan.petkovic02@gmail.com
2020-06-27 08:40:14,285 DEBUG com.uns.ftn.accountservice.service.UserService [https-jsse-nio-8080-exec-4] Retrieving user with username dusan.petkovic02@gmail.com
2020-06-27 08:40:14,330 DEBUG com.uns.ftn.accountservice.controller.AccountController [https-jsse-nio-8080-exec-8] Token verification invoked
2020-06-27 08:58:59,358 DEBUG com.uns.ftn.accountservice.controller.AccountController [https-jsse-nio-8080-exec-1] Token verification invoked
2020-06-27 08:58:59,358 DEBUG com.uns.ftn.accountservice.controller.AccountController [https-jsse-nio-8080-exec-10] Token verification invoked
2020-06-27 08:58:59,358 DEBUG com.uns.ftn.accountservice.controller.AccountController [https-jsse-nio-8080-exec-4] Token verification invoked
2020-06-27 08:58:59,437 DEBUG com.uns.ftn.accountservice.controller.AccountController [https-jsse-nio-8080-exec-1] Get logged user with username dusan.petkovic02@gmail.com
2020-06-27 08:58:59,437 DEBUG com.uns.ftn.accountservice.service.UserService [https-jsse-nio-8080-exec-1] Retrieving user with username dusan.petkovic02@gmail.com
2020-06-27 08:59:50,841 DEBUG com.uns.ftn.accountservice.controller.AccountController [https-jsse-nio-8080-exec-6] Token verification invoked
2020-06-27 09:00:19,012 DEBUG com.uns.ftn.accountservice.controller.AccountController [https-jsse-nio-8080-exec-1] Logout
2020-06-27 09:00:28,710 DEBUG com.uns.ftn.accountservice.controller.AccountController [https-jsse-nio-8080-exec-10] Login user with username admin@soul.com
2020-06-27 09:00:28,711 INFO com.uns.ftn.accountservice.service.UserService [https-jsse-nio-8080-exec-10] User is signing in
2020-06-27 09:00:28,712 DEBUG com.uns.ftn.accountservice.service.UserService [https-jsse-nio-8080-exec-10] Retrieving user with username admin@soul.com
2020-06-27 09:00:28,802 INFO com.uns.ftn.accountservice.service.UserService [https-jsse-nio-8080-exec-10] Checking status of user with username admin@soul.com
2020-06-27 09:00:28,803 DEBUG com.uns.ftn.accountservice.service.UserService [https-jsse-nio-8080-exec-10] Retrieving user with username admin@soul.com
2020-06-27 09:00:28,805 DEBUG com.uns.ftn.accountservice.service.UserService [https-jsse-nio-8080-exec-10] Retrieving simple user with username admin@soul.com
2020-06-27 09:00:28,814 DEBUG com.uns.ftn.accountservice.service.UserService [https-jsse-nio-8080-exec-10] Retrieving user with username admin@soul.com
2020-06-27 09:00:28,817 INFO com.uns.ftn.accountservice.service.UserService [https-jsse-nio-8080-exec-10] Token has been issued to user with username admin@soul.com
2020-06-27 09:00:28,817 INFO com.uns.ftn.accountservice.service.UserService [https-jsse-nio-8080-exec-10] Refresh token is being issued to user with username admin@soul.com
2020-06-27 09:00:28,817 DEBUG com.uns.ftn.accountservice.service.UserService [https-jsse-nio-8080-exec-10] Retrieving user with username admin@soul.com
2020-06-27 09:00:28,841 DEBUG com.uns.ftn.accountservice.controller.AccountController [https-jsse-nio-8080-exec-2] Token verification invoked
2020-06-27 09:00:28,848 DEBUG com.uns.ftn.accountservice.controller.AccountController [https-jsse-nio-8080-exec-5] Get logged user with username admin@soul.com
2020-06-27 09:00:28,849 DEBUG com.uns.ftn.accountservice.service.UserService [https-jsse-nio-8080-exec-5] Retrieving user with username admin@soul.com
2020-06-27 09:00:28,904 DEBUG com.uns.ftn.accountservice.controller.AccountController [https-jsse-nio-8080-exec-10] Token verification invoked
2020-06-27 09:00:59,511 DEBUG com.uns.ftn.accountservice.controller.AccountController [https-jsse-nio-8080-exec-8] Token verification invoked
2020-06-27 12:23:52,819 INFO org.springframework.boot.SpringApplication [main] No active profile set, falling back to default profiles: default
2020-06-27 12:23:57,276 DEBUG org.springframework.web.filter.GenericFilterBean [main] Filter 'authenticationTokenFilterBean' configured for use
2020-06-27 12:24:08,734 INFO org.springframework.boot.StartupInfoLogger [main] Started AccountServiceApplication in 17.487 seconds (JVM running for 18.55)
